<?xml version="1.0" encoding="UTF-8"?>
<!-- Generated by org.testng.reporters.JUnitXMLReporter -->
<testsuite hostname="VAIO" ignored="0" name="Test" tests="2" failures="1" timestamp="2020-04-11T14:51:01 IST" time="58.798" errors="0">
  <testcase name="flipkartend2end" time="11.038" classname="Regression_Scripts.Flipkart_login"/>
  <testcase name="flipkartend2end" time="10.304" classname="Regression_Scripts.Flipkart_login">
    <failure type="java.lang.AssertionError" message="null">
      <![CDATA[java.lang.AssertionError: null
at Generic.Base_page.verify_Visibility(Base_page.java:32)
at POM.Online_Shopping_Flipkart__Home_Page.Fastrack_Click(Online_Shopping_Flipkart__Home_Page.java:34)
at Regression_Scripts.Flipkart_login.flipkartend2end(Flipkart_login.java:37)
at java.util.ArrayList.forEach(Unknown Source)
... Removed 29 stack frames]]>
    </failure>
  </testcase> <!-- flipkartend2end -->
</testsuite> <!-- Test -->
