<?xml version="1.0" encoding="UTF-8"?>
<testng-results skipped="0" failed="1" ignored="0" total="2" passed="1">
  <reporter-output>
    <line>
      <![CDATA[Browser name is : chrome]]>
    </line>
    <line>
      <![CDATA[Thread id : 1]]>
    </line>
    <line>
      <![CDATA[Element is located]]>
    </line>
    <line>
      <![CDATA[Element is located]]>
    </line>
    <line>
      <![CDATA[Element is clicked]]>
    </line>
    <line>
      <![CDATA[Element is located]]>
    </line>
    <line>
      <![CDATA[Element is located]]>
    </line>
    <line>
      <![CDATA[Element is clicked]]>
    </line>
    <line>
      <![CDATA[Browser name is : chrome]]>
    </line>
    <line>
      <![CDATA[Thread id : 1]]>
    </line>
    <line>
      <![CDATA[Element is located]]>
    </line>
    <line>
      <![CDATA[Element is located]]>
    </line>
    <line>
      <![CDATA[Element is clicked]]>
    </line>
    <line>
      <![CDATA[Element is located]]>
    </line>
    <line>
      <![CDATA[Failed to Locate Element]]>
    </line>
  </reporter-output>
  <suite name="Default suite" duration-ms="79641" started-at="2020-04-11T15:26:56 IST" finished-at="2020-04-11T15:28:16 IST">
    <groups>
    </groups>
    <test name="Default test" duration-ms="79641" started-at="2020-04-11T15:26:56 IST" finished-at="2020-04-11T15:28:16 IST">
      <class name="Regression_Scripts.Flipkart_login">
        <test-method status="PASS" signature="setUp()[pri:0, instance:Regression_Scripts.Flipkart_login@66d1af89]" name="setUp" is-config="true" duration-ms="163" started-at="2020-04-11T15:26:56 IST" finished-at="2020-04-11T15:26:56 IST">
          <reporter-output>
          </reporter-output>
        </test-method> <!-- setUp -->
        <test-method status="PASS" signature="OpenAppn(java.lang.String)[pri:0, instance:Regression_Scripts.Flipkart_login@66d1af89]" name="OpenAppn" is-config="true" duration-ms="15477" started-at="2020-04-11T15:26:58 IST" finished-at="2020-04-11T15:27:13 IST">
          <params>
            <param index="0">
              <value>
                <![CDATA[chrome]]>
              </value>
            </param>
          </params>
          <reporter-output>
            <line>
              <![CDATA[Browser name is : chrome]]>
            </line>
            <line>
              <![CDATA[Thread id : 1]]>
            </line>
          </reporter-output>
        </test-method> <!-- OpenAppn -->
        <test-method status="PASS" signature="flipkartend2end(java.lang.String, java.lang.String)[pri:0, instance:Regression_Scripts.Flipkart_login@66d1af89]" name="flipkartend2end" duration-ms="16596" started-at="2020-04-11T15:27:13 IST" data-provider="Databank" finished-at="2020-04-11T15:27:30 IST">
          <params>
            <param index="0">
              <value>
                <![CDATA[Mahaboobpasha224@gmail.com]]>
              </value>
            </param>
            <param index="1">
              <value>
                <![CDATA[8884722587]]>
              </value>
            </param>
          </params>
          <reporter-output>
            <line>
              <![CDATA[Element is located]]>
            </line>
            <line>
              <![CDATA[Element is located]]>
            </line>
            <line>
              <![CDATA[Element is clicked]]>
            </line>
            <line>
              <![CDATA[Element is located]]>
            </line>
            <line>
              <![CDATA[Element is located]]>
            </line>
            <line>
              <![CDATA[Element is clicked]]>
            </line>
          </reporter-output>
        </test-method> <!-- flipkartend2end -->
        <test-method status="PASS" signature="closeAppn(org.testng.ITestResult)[pri:0, instance:Regression_Scripts.Flipkart_login@66d1af89]" name="closeAppn" is-config="true" duration-ms="9540" started-at="2020-04-11T15:27:30 IST" finished-at="2020-04-11T15:27:39 IST">
          <params>
            <param index="0">
              <value>
                <![CDATA[[TestResult name=flipkartend2end status=SUCCESS method=Flipkart_login.flipkartend2end(java.lang.String, java.lang.String)[pri:0, instance:Regression_Scripts.Flipkart_login@66d1af89] output=Element is located]]]>
              </value>
            </param>
          </params>
          <reporter-output>
          </reporter-output>
        </test-method> <!-- closeAppn -->
        <test-method status="PASS" signature="OpenAppn(java.lang.String)[pri:0, instance:Regression_Scripts.Flipkart_login@66d1af89]" name="OpenAppn" is-config="true" duration-ms="14457" started-at="2020-04-11T15:27:39 IST" finished-at="2020-04-11T15:27:54 IST">
          <params>
            <param index="0">
              <value>
                <![CDATA[chrome]]>
              </value>
            </param>
          </params>
          <reporter-output>
            <line>
              <![CDATA[Browser name is : chrome]]>
            </line>
            <line>
              <![CDATA[Thread id : 1]]>
            </line>
          </reporter-output>
        </test-method> <!-- OpenAppn -->
        <test-method status="FAIL" signature="flipkartend2end(java.lang.String, java.lang.String)[pri:0, instance:Regression_Scripts.Flipkart_login@66d1af89]" name="flipkartend2end" duration-ms="19449" started-at="2020-04-11T15:27:54 IST" data-provider="Databank" finished-at="2020-04-11T15:28:13 IST">
          <params>
            <param index="0">
              <value>
                <![CDATA[mahaboobpasha225@gmail.com]]>
              </value>
            </param>
            <param index="1">
              <value>
                <![CDATA[8884722589]]>
              </value>
            </param>
          </params>
          <exception class="java.lang.AssertionError">
            <message>
              <![CDATA[null]]>
            </message>
            <full-stacktrace>
              <![CDATA[java.lang.AssertionError: null
at org.testng.Assert.fail(Assert.java:97)
at org.testng.Assert.fail(Assert.java:102)
at Generic.Base_page.verify_Visibility(Base_page.java:32)
at POM.Online_Shopping_Flipkart__Home_Page.Fastrack_Click(Online_Shopping_Flipkart__Home_Page.java:34)
at Regression_Scripts.Flipkart_login.flipkartend2end(Flipkart_login.java:37)
at sun.reflect.NativeMethodAccessorImpl.invoke0(Native Method)
at sun.reflect.NativeMethodAccessorImpl.invoke(Unknown Source)
at sun.reflect.DelegatingMethodAccessorImpl.invoke(Unknown Source)
at java.lang.reflect.Method.invoke(Unknown Source)
at org.testng.internal.MethodInvocationHelper.invokeMethod(MethodInvocationHelper.java:134)
at org.testng.internal.TestInvoker.invokeMethod(TestInvoker.java:597)
at org.testng.internal.TestInvoker.invokeTestMethod(TestInvoker.java:173)
at org.testng.internal.MethodRunner.runInSequence(MethodRunner.java:46)
at org.testng.internal.TestInvoker$MethodInvocationAgent.invoke(TestInvoker.java:816)
at org.testng.internal.TestInvoker.invokeTestMethods(TestInvoker.java:146)
at org.testng.internal.TestMethodWorker.invokeTestMethods(TestMethodWorker.java:146)
at org.testng.internal.TestMethodWorker.run(TestMethodWorker.java:128)
at java.util.ArrayList.forEach(Unknown Source)
at org.testng.TestRunner.privateRun(TestRunner.java:766)
at org.testng.TestRunner.run(TestRunner.java:587)
at org.testng.SuiteRunner.runTest(SuiteRunner.java:384)
at org.testng.SuiteRunner.runSequentially(SuiteRunner.java:378)
at org.testng.SuiteRunner.privateRun(SuiteRunner.java:337)
at org.testng.SuiteRunner.run(SuiteRunner.java:286)
at org.testng.SuiteRunnerWorker.runSuite(SuiteRunnerWorker.java:53)
at org.testng.SuiteRunnerWorker.run(SuiteRunnerWorker.java:96)
at org.testng.TestNG.runSuitesSequentially(TestNG.java:1187)
at org.testng.TestNG.runSuitesLocally(TestNG.java:1109)
at org.testng.TestNG.runSuites(TestNG.java:1039)
at org.testng.TestNG.run(TestNG.java:1007)
at org.testng.remote.AbstractRemoteTestNG.run(AbstractRemoteTestNG.java:115)
at org.testng.remote.RemoteTestNG.initAndRun(RemoteTestNG.java:251)
at org.testng.remote.RemoteTestNG.main(RemoteTestNG.java:77)
]]>
            </full-stacktrace>
          </exception> <!-- java.lang.AssertionError -->
          <reporter-output>
            <line>
              <![CDATA[Element is located]]>
            </line>
            <line>
              <![CDATA[Element is located]]>
            </line>
            <line>
              <![CDATA[Element is clicked]]>
            </line>
            <line>
              <![CDATA[Element is located]]>
            </line>
            <line>
              <![CDATA[Failed to Locate Element]]>
            </line>
          </reporter-output>
        </test-method> <!-- flipkartend2end -->
        <test-method status="PASS" signature="closeAppn(org.testng.ITestResult)[pri:0, instance:Regression_Scripts.Flipkart_login@66d1af89]" name="closeAppn" is-config="true" duration-ms="2435" started-at="2020-04-11T15:28:13 IST" finished-at="2020-04-11T15:28:16 IST">
          <params>
            <param index="0">
              <value>
                <![CDATA[[TestResult name=flipkartend2end status=FAILURE method=Flipkart_login.flipkartend2end(java.lang.String, java.lang.String)[pri:0, instance:Regression_Scripts.Flipkart_login@66d1af89] output=Element is located]]]>
              </value>
            </param>
          </params>
          <reporter-output>
          </reporter-output>
        </test-method> <!-- closeAppn -->
        <test-method status="PASS" signature="tearDown()[pri:0, instance:Regression_Scripts.Flipkart_login@66d1af89]" name="tearDown" is-config="true" duration-ms="751" started-at="2020-04-11T15:28:16 IST" finished-at="2020-04-11T15:28:16 IST">
          <reporter-output>
          </reporter-output>
        </test-method> <!-- tearDown -->
      </class> <!-- Regression_Scripts.Flipkart_login -->
    </test> <!-- Default test -->
  </suite> <!-- Default suite -->
</testng-results>
